# JRE version: Java(TM) SE Runtime Environment (7.0_67-b01) (build 1.7.0_67-b01)
# Java VM: Java HotSpot(TM) 64-Bit Server VM (24.65-b04 mixed mode linux-amd64 compressed oops)
Heap
 PSYoungGen      total 24576K, used 12718K [0x00000000eb680000, 0x00000000ed680000, 0x0000000100000000)
  eden space 16384K, 75% used [0x00000000eb680000,0x00000000ec283888,0x00000000ec680000)
  from space 8192K, 5% used [0x00000000ece80000,0x00000000ecee8000,0x00000000ed680000)
  to   space 8192K, 0% used [0x00000000ec680000,0x00000000ec680000,0x00000000ece80000)
 ParOldGen       total 41984K, used 15312K [0x00000000c2400000, 0x00000000c4d00000, 0x00000000eb680000)
  object space 41984K, 36% used [0x00000000c2400000,0x00000000c32f4300,0x00000000c4d00000)
 PSPermGen       total 24576K, used 24547K [0x00000000bd200000, 0x00000000bea00000, 0x00000000c2400000)
  object space 24576K, 99% used [0x00000000bd200000,0x00000000be9f8f80,0x00000000bea00000)
GC Heap History (10 events):
Event: 16316.589 GC heap before
{Heap before GC invocations=8 (full 0):
 PSYoungGen      total 25088K, used 17812K [0x00000000eb680000, 0x00000000ed780000, 0x0000000100000000)
  eden space 16384K, 100% used [0x00000000eb680000,0x00000000ec680000,0x00000000ec680000)
  from space 8704K, 16% used [0x00000000ec680000,0x00000000ec7e5178,0x00000000ecf00000)
  to   space 8704K, 0% used [0x00000000ecf00000,0x00000000ecf00000,0x00000000ed780000)
 ParOldGen       total 41984K, used 9662K [0x00000000c2400000, 0x00000000c4d00000, 0x00000000eb680000)
  object space 41984K, 23% used [0x00000000c2400000,0x00000000c2d6f888,0x00000000c4d00000)
 PSPermGen       total 24576K, used 24453K [0x00000000bd200000, 0x00000000bea00000, 0x00000000c2400000)
  object space 24576K, 99% used [0x00000000bd200000,0x00000000be9e1680,0x00000000bea00000)
Event: 16316.593 GC heap after
Heap after GC invocations=8 (full 0):
 PSYoungGen      total 24064K, used 2321K [0x00000000eb680000, 0x00000000ed680000, 0x0000000100000000)
  eden space 16384K, 0% used [0x00000000eb680000,0x00000000eb680000,0x00000000ec680000)
  from space 7680K, 30% used [0x00000000ecf00000,0x00000000ed144750,0x00000000ed680000)
  to   space 8192K, 0% used [0x00000000ec680000,0x00000000ec680000,0x00000000ece80000)
 ParOldGen       total 41984K, used 11498K [0x00000000c2400000, 0x00000000c4d00000, 0x00000000eb680000)
  object space 41984K, 27% used [0x00000000c2400000,0x00000000c2f3abd0,0x00000000c4d00000)
 PSPermGen       total 24576K, used 24453K [0x00000000bd200000, 0x00000000bea00000, 0x00000000c2400000)
  object space 24576K, 99% used [0x00000000bd200000,0x00000000be9e1680,0x00000000bea00000)
}
Event: 16369.194 GC heap before
{Heap before GC invocations=9 (full 0):
 PSYoungGen      total 24064K, used 18705K [0x00000000eb680000, 0x00000000ed680000, 0x0000000100000000)
  eden space 16384K, 100% used [0x00000000eb680000,0x00000000ec680000,0x00000000ec680000)
  from space 7680K, 30% used [0x00000000ecf00000,0x00000000ed144750,0x00000000ed680000)
  to   space 8192K, 0% used [0x00000000ec680000,0x00000000ec680000,0x00000000ece80000)
 ParOldGen       total 41984K, used 11498K [0x00000000c2400000, 0x00000000c4d00000, 0x00000000eb680000)
  object space 41984K, 27% used [0x00000000c2400000,0x00000000c2f3abf0,0x00000000c4d00000)
 PSPermGen       total 24576K, used 24487K [0x00000000bd200000, 0x00000000bea00000, 0x00000000c2400000)
  object space 24576K, 99% used [0x00000000bd200000,0x00000000be9e9c28,0x00000000bea00000)
Event: 16369.197 GC heap after
Heap after GC invocations=9 (full 0):
 PSYoungGen      total 24576K, used 544K [0x00000000eb680000, 0x00000000ed680000, 0x0000000100000000)
  eden space 16384K, 0% used [0x00000000eb680000,0x00000000eb680000,0x00000000ec680000)
  from space 8192K, 6% used [0x00000000ec680000,0x00000000ec708020,0x00000000ece80000)
  to   space 8192K, 0% used [0x00000000ece80000,0x00000000ece80000,0x00000000ed680000)
 ParOldGen       total 41984K, used 11705K [0x00000000c2400000, 0x00000000c4d00000, 0x00000000eb680000)
  object space 41984K, 27% used [0x00000000c2400000,0x00000000c2f6e608,0x00000000c4d00000)
 PSPermGen       total 24576K, used 24487K [0x00000000bd200000, 0x00000000bea00000, 0x00000000c2400000)
  object space 24576K, 99% used [0x00000000bd200000,0x00000000be9e9c28,0x00000000bea00000)
}
Event: 18255.317 GC heap before
{Heap before GC invocations=10 (full 0):
 PSYoungGen      total 24576K, used 16928K [0x00000000eb680000, 0x00000000ed680000, 0x0000000100000000)
  eden space 16384K, 100% used [0x00000000eb680000,0x00000000ec680000,0x00000000ec680000)
  from space 8192K, 6% used [0x00000000ec680000,0x00000000ec708020,0x00000000ece80000)
  to   space 8192K, 0% used [0x00000000ece80000,0x00000000ece80000,0x00000000ed680000)
 ParOldGen       total 41984K, used 11712K [0x00000000c2400000, 0x00000000c4d00000, 0x00000000eb680000)
  object space 41984K, 27% used [0x00000000c2400000,0x00000000c2f70080,0x00000000c4d00000)
 PSPermGen       total 24576K, used 24509K [0x00000000bd200000, 0x00000000bea00000, 0x00000000c2400000)
  object space 24576K, 99% used [0x00000000bd200000,0x00000000be9ef4b0,0x00000000bea00000)
Event: 18255.340 GC heap after
Heap after GC invocations=10 (full 0):
 PSYoungGen      total 24576K, used 1524K [0x00000000eb680000, 0x00000000ed680000, 0x0000000100000000)
  eden space 16384K, 0% used [0x00000000eb680000,0x00000000eb680000,0x00000000ec680000)
  from space 8192K, 18% used [0x00000000ece80000,0x00000000ecffd308,0x00000000ed680000)
  to   space 8192K, 0% used [0x00000000ec680000,0x00000000ec680000,0x00000000ece80000)
 ParOldGen       total 41984K, used 11785K [0x00000000c2400000, 0x00000000c4d00000, 0x00000000eb680000)
  object space 41984K, 28% used [0x00000000c2400000,0x00000000c2f827b8,0x00000000c4d00000)
 PSPermGen       total 24576K, used 24509K [0x00000000bd200000, 0x00000000bea00000, 0x00000000c2400000)
  object space 24576K, 99% used [0x00000000bd200000,0x00000000be9ef4b0,0x00000000bea00000)
}
Event: 18272.485 GC heap before
{Heap before GC invocations=11 (full 0):
 PSYoungGen      total 24576K, used 17908K [0x00000000eb680000, 0x00000000ed680000, 0x0000000100000000)
  eden space 16384K, 100% used [0x00000000eb680000,0x00000000ec680000,0x00000000ec680000)
  from space 8192K, 18% used [0x00000000ece80000,0x00000000ecffd308,0x00000000ed680000)
  to   space 8192K, 0% used [0x00000000ec680000,0x00000000ec680000,0x00000000ece80000)
 ParOldGen       total 41984K, used 11785K [0x00000000c2400000, 0x00000000c4d00000, 0x00000000eb680000)
  object space 41984K, 28% used [0x00000000c2400000,0x00000000c2f827b8,0x00000000c4d00000)
 PSPermGen       total 24576K, used 24521K [0x00000000bd200000, 0x00000000bea00000, 0x00000000c2400000)
  object space 24576K, 99% used [0x00000000bd200000,0x00000000be9f27d8,0x00000000bea00000)
Event: 18272.675 GC heap after
Heap after GC invocations=11 (full 0):
 PSYoungGen      total 24576K, used 224K [0x00000000eb680000, 0x00000000ed680000, 0x0000000100000000)
  eden space 16384K, 0% used [0x00000000eb680000,0x00000000eb680000,0x00000000ec680000)
  from space 8192K, 2% used [0x00000000ec680000,0x00000000ec6b8000,0x00000000ece80000)
  to   space 8192K, 0% used [0x00000000ece80000,0x00000000ece80000,0x00000000ed680000)
 ParOldGen       total 41984K, used 15216K [0x00000000c2400000, 0x00000000c4d00000, 0x00000000eb680000)
  object space 41984K, 36% used [0x00000000c2400000,0x00000000c32dc348,0x00000000c4d00000)
 PSPermGen       total 24576K, used 24521K [0x00000000bd200000, 0x00000000bea00000, 0x00000000c2400000)
  object space 24576K, 99% used [0x00000000bd200000,0x00000000be9f27d8,0x00000000bea00000)
}
Event: 27237.763 GC heap before
{Heap before GC invocations=12 (full 0):
 PSYoungGen      total 24576K, used 16608K [0x00000000eb680000, 0x00000000ed680000, 0x0000000100000000)
  eden space 16384K, 100% used [0x00000000eb680000,0x00000000ec680000,0x00000000ec680000)
  from space 8192K, 2% used [0x00000000ec680000,0x00000000ec6b8000,0x00000000ece80000)
  to   space 8192K, 0% used [0x00000000ece80000,0x00000000ece80000,0x00000000ed680000)
 ParOldGen       total 41984K, used 15216K [0x00000000c2400000, 0x00000000c4d00000, 0x00000000eb680000)
  object space 41984K, 36% used [0x00000000c2400000,0x00000000c32dc348,0x00000000c4d00000)
 PSPermGen       total 24576K, used 24522K [0x00000000bd200000, 0x00000000bea00000, 0x00000000c2400000)
  object space 24576K, 99% used [0x00000000bd200000,0x00000000be9f2be8,0x00000000bea00000)
Event: 27237.769 GC heap after
Heap after GC invocations=12 (full 0):
 PSYoungGen      total 24576K, used 416K [0x00000000eb680000, 0x00000000ed680000, 0x0000000100000000)
  eden space 16384K, 0% used [0x00000000eb680000,0x00000000eb680000,0x00000000ec680000)
  from space 8192K, 5% used [0x00000000ece80000,0x00000000ecee8000,0x00000000ed680000)
  to   space 8192K, 0% used [0x00000000ec680000,0x00000000ec680000,0x00000000ece80000)
 ParOldGen       total 41984K, used 15312K [0x00000000c2400000, 0x00000000c4d00000, 0x00000000eb680000)
  object space 41984K, 36% used [0x00000000c2400000,0x00000000c32f4300,0x00000000c4d00000)
 PSPermGen       total 24576K, used 24522K [0x00000000bd200000, 0x00000000bea00000, 0x00000000c2400000)
  object space 24576K, 99% used [0x00000000bd200000,0x00000000be9f2be8,0x00000000bea00000)
}

